[2025-10-31 18:06:21] INFO cd ..
[2025-10-31 18:06:21] INFO Success
[2025-10-31 18:06:22] INFO ls
[2025-10-31 18:06:22] INFO Success
[2025-10-31 18:06:24] INFO ls -l
[2025-10-31 18:06:24] INFO Success
[2025-10-31 18:06:24] INFO ls -a
[2025-10-31 18:06:24] INFO Success
[2025-10-31 18:06:29] INFO ls
[2025-10-31 18:06:29] INFO Success
[2025-10-31 18:06:35] INFO touch a
[2025-10-31 18:06:35] INFO Success
[2025-10-31 18:06:37] INFO rm a
[2025-10-31 18:06:37] INFO Success
[2025-10-31 18:06:38] INFO ls
[2025-10-31 18:06:38] INFO Success
[2025-10-31 18:06:39] INFO
[2025-10-31 18:06:51] INFO cd ..
[2025-10-31 18:06:51] INFO Success
[2025-10-31 18:06:51] INFO ls
[2025-10-31 18:06:51] INFO Success
[2025-10-31 18:06:53] INFO touch a
[2025-10-31 18:06:53] INFO Success
[2025-10-31 18:06:56] INFO touch a
[2025-10-31 18:06:56] ERROR a пропущен: уже существует
[2025-10-31 18:06:56] INFO Success
[2025-10-31 18:06:59] INFO
[2025-10-31 18:09:25] INFO binary.bin невозможно прочитать
[2025-10-31 18:09:25] INFO Нет прав на чтение file1.txt
[2025-10-31 18:09:25] ERROR Нет прав
[2025-10-31 18:09:25] ERROR file1.txt пропущен: недостаточно прав
[2025-10-31 18:09:25] ERROR file1.txt пропущен: недостаточно прав
[2025-10-31 18:09:25] ERROR Нет прав на чтение /tmp/tmphjnz7_2p/subdir
[2025-10-31 18:09:26] ERROR file1.txt пропущен: target.txt уже существует
[2025-10-31 18:09:26] ERROR file_perm.txt пропущен: Недостаточно прав
[2025-10-31 18:09:26] ERROR nested.txt пропущен: /tmp/tmpp3ic4a0n/subdir1/nested.txt уже существует
[2025-10-31 18:09:26] ERROR file1.txt пропущен: недостаточно прав
[2025-10-31 18:09:26] ERROR file2.txt пропущен: недостаточно прав
[2025-10-31 18:09:26] ERROR existing.txt пропущен: уже существует
[2025-10-31 18:09:26] ERROR existing.txt пропущен: уже существует
[2025-10-31 18:09:26] ERROR Нет прав на создание dir/test.txt
[2025-10-31 18:09:30] INFO binary.bin невозможно прочитать
[2025-10-31 18:09:30] INFO Нет прав на чтение file1.txt
[2025-10-31 18:09:30] ERROR Нет прав
[2025-10-31 18:09:30] ERROR file1.txt пропущен: недостаточно прав
[2025-10-31 18:09:30] ERROR file1.txt пропущен: недостаточно прав
[2025-10-31 18:09:30] ERROR Нет прав на чтение /tmp/tmp0hil9y6u/subdir
[2025-10-31 18:09:29] ERROR file1.txt пропущен: target.txt уже существует
[2025-10-31 18:09:29] ERROR file_perm.txt пропущен: Недостаточно прав
[2025-10-31 18:09:29] ERROR nested.txt пропущен: /tmp/tmpmabaallu/subdir1/nested.txt уже существует
[2025-10-31 18:09:29] ERROR file1.txt пропущен: недостаточно прав
[2025-10-31 18:09:29] ERROR file2.txt пропущен: недостаточно прав
[2025-10-31 18:09:29] ERROR existing.txt пропущен: уже существует
[2025-10-31 18:09:29] ERROR existing.txt пропущен: уже существует
[2025-10-31 18:09:29] ERROR Нет прав на создание dir/test.txt
[2025-10-31 18:18:04] INFO binary.bin невозможно прочитать
[2025-10-31 18:18:04] INFO Нет прав на чтение file1.txt
[2025-10-31 18:18:04] ERROR Нет прав
[2025-10-31 18:18:04] ERROR file1.txt пропущен: недостаточно прав
[2025-10-31 18:18:04] ERROR file1.txt пропущен: недостаточно прав
[2025-10-31 18:18:04] ERROR Нет прав на чтение /tmp/tmp5uja2hr1/subdir
[2025-10-31 18:18:04] ERROR file1.txt пропущен: target.txt уже существует
[2025-10-31 18:18:04] ERROR file_perm.txt пропущен: Недостаточно прав
[2025-10-31 18:18:04] ERROR nested.txt пропущен: /tmp/tmphk8ky0qz/subdir1/nested.txt уже существует
[2025-10-31 18:18:04] ERROR file1.txt пропущен: недостаточно прав
[2025-10-31 18:18:04] ERROR file2.txt пропущен: недостаточно прав
[2025-10-31 18:18:04] ERROR existing.txt пропущен: уже существует
[2025-10-31 18:18:04] ERROR existing.txt пропущен: уже существует
[2025-10-31 18:18:04] ERROR nonexist_dir/file.txt пропущен: Не существует указанного пути nonexist_dir
[2025-10-31 18:18:04] ERROR Нет прав на создание dir/test.txt
